2024-08-10 12:01:05.050 | ERROR    | recorders.recorders:start:62 - [Afreeca][asy1218] Streamlink plugin error: Unable to open URL: https://livestream-manager.afreecatv.com/broad_stream_assign.html (400 Client Error: Bad Request for url: https://livestream-manager.afreecatv.com/broad_stream_assign.html?return_type=gs_cdn_pc_web&broad_key=275008578-common-sd-hls)
2024-08-10 12:01:05.379 | ERROR    | recorders.recorders:start:62 - [Afreeca][asy1218] Streamlink plugin error: Unable to open URL: https://livestream-manager.afreecatv.com/broad_stream_assign.html (400 Client Error: Bad Request for url: https://livestream-manager.afreecatv.com/broad_stream_assign.html?return_type=gs_cdn_pc_web&broad_key=275008578-common-sd-hls)
2024-08-10 12:01:05.723 | ERROR    | recorders.recorders:start:62 - [Afreeca][asy1218] Streamlink plugin error: Unable to open URL: https://livestream-manager.afreecatv.com/broad_stream_assign.html (400 Client Error: Bad Request for url: https://livestream-manager.afreecatv.com/broad_stream_assign.html?return_type=gs_cdn_pc_web&broad_key=275008578-common-sd-hls)
2024-08-10 12:01:06.052 | ERROR    | recorders.recorders:start:62 - [Afreeca][asy1218] Streamlink plugin error: Unable to open URL: https://livestream-manager.afreecatv.com/broad_stream_assign.html (400 Client Error: Bad Request for url: https://livestream-manager.afreecatv.com/broad_stream_assign.html?return_type=gs_cdn_pc_web&broad_key=275008578-common-sd-hls)
2024-08-10 12:01:06.395 | ERROR    | recorders.recorders:start:62 - [Afreeca][asy1218] Streamlink plugin error: Unable to open URL: https://livestream-manager.afreecatv.com/broad_stream_assign.html (400 Client Error: Bad Request for url: https://livestream-manager.afreecatv.com/broad_stream_assign.html?return_type=gs_cdn_pc_web&broad_key=275008578-common-sd-hls)
2024-08-10 12:01:06.740 | ERROR    | recorders.recorders:start:62 - [Afreeca][asy1218] Streamlink plugin error: Unable to open URL: https://livestream-manager.afreecatv.com/broad_stream_assign.html (400 Client Error: Bad Request for url: https://livestream-manager.afreecatv.com/broad_stream_assign.html?return_type=gs_cdn_pc_web&broad_key=275008578-common-sd-hls)
2024-08-10 12:01:07.068 | ERROR    | recorders.recorders:start:62 - [Afreeca][asy1218] Streamlink plugin error: Unable to open URL: https://livestream-manager.afreecatv.com/broad_stream_assign.html (400 Client Error: Bad Request for url: https://livestream-manager.afreecatv.com/broad_stream_assign.html?return_type=gs_cdn_pc_web&broad_key=275008578-common-sd-hls)
2024-08-10 12:01:07.413 | ERROR    | recorders.recorders:start:62 - [Afreeca][asy1218] Streamlink plugin error: Unable to open URL: https://livestream-manager.afreecatv.com/broad_stream_assign.html (400 Client Error: Bad Request for url: https://livestream-manager.afreecatv.com/broad_stream_assign.html?return_type=gs_cdn_pc_web&broad_key=275008578-common-sd-hls)
2024-08-10 12:01:07.835 | ERROR    | recorders.recorders:start:62 - [Afreeca][asy1218] Streamlink plugin error: Unable to open URL: https://livestream-manager.afreecatv.com/broad_stream_assign.html (400 Client Error: Bad Request for url: https://livestream-manager.afreecatv.com/broad_stream_assign.html?return_type=gs_cdn_pc_web&broad_key=275008578-common-sd-hls)
2024-08-10 12:01:08.163 | ERROR    | recorders.recorders:start:62 - [Afreeca][asy1218] Streamlink plugin error: Unable to open URL: https://livestream-manager.afreecatv.com/broad_stream_assign.html (400 Client Error: Bad Request for url: https://livestream-manager.afreecatv.com/broad_stream_assign.html?return_type=gs_cdn_pc_web&broad_key=275008578-common-sd-hls)
2024-08-10 12:01:08.554 | ERROR    | recorders.recorders:start:62 - [Afreeca][asy1218] Streamlink plugin error: Unable to open URL: https://livestream-manager.afreecatv.com/broad_stream_assign.html (400 Client Error: Bad Request for url: https://livestream-manager.afreecatv.com/broad_stream_assign.html?return_type=gs_cdn_pc_web&broad_key=275008578-common-sd-hls)
2024-08-10 12:01:08.914 | ERROR    | recorders.recorders:start:62 - [Afreeca][asy1218] Streamlink plugin error: Unable to open URL: https://livestream-manager.afreecatv.com/broad_stream_assign.html (400 Client Error: Bad Request for url: https://livestream-manager.afreecatv.com/broad_stream_assign.html?return_type=gs_cdn_pc_web&broad_key=275008578-common-sd-hls)
2024-08-10 12:01:09.258 | ERROR    | recorders.recorders:start:62 - [Afreeca][asy1218] Streamlink plugin error: Unable to open URL: https://livestream-manager.afreecatv.com/broad_stream_assign.html (400 Client Error: Bad Request for url: https://livestream-manager.afreecatv.com/broad_stream_assign.html?return_type=gs_cdn_pc_web&broad_key=275008578-common-sd-hls)
2024-08-10 12:01:09.618 | ERROR    | recorders.recorders:start:62 - [Afreeca][asy1218] Streamlink plugin error: Unable to open URL: https://livestream-manager.afreecatv.com/broad_stream_assign.html (400 Client Error: Bad Request for url: https://livestream-manager.afreecatv.com/broad_stream_assign.html?return_type=gs_cdn_pc_web&broad_key=275008578-common-sd-hls)
2024-08-10 12:01:09.978 | ERROR    | recorders.recorders:start:62 - [Afreeca][asy1218] Streamlink plugin error: Unable to open URL: https://livestream-manager.afreecatv.com/broad_stream_assign.html (400 Client Error: Bad Request for url: https://livestream-manager.afreecatv.com/broad_stream_assign.html?return_type=gs_cdn_pc_web&broad_key=275008578-common-sd-hls)
2024-08-10 12:01:10.322 | ERROR    | recorders.recorders:start:62 - [Afreeca][asy1218] Streamlink plugin error: Unable to open URL: https://livestream-manager.afreecatv.com/broad_stream_assign.html (400 Client Error: Bad Request for url: https://livestream-manager.afreecatv.com/broad_stream_assign.html?return_type=gs_cdn_pc_web&broad_key=275008578-common-sd-hls)
2024-08-10 12:01:10.697 | ERROR    | recorders.recorders:start:62 - [Afreeca][asy1218] Streamlink plugin error: Unable to open URL: https://livestream-manager.afreecatv.com/broad_stream_assign.html (400 Client Error: Bad Request for url: https://livestream-manager.afreecatv.com/broad_stream_assign.html?return_type=gs_cdn_pc_web&broad_key=275008578-common-sd-hls)
2024-08-10 12:01:11.103 | ERROR    | recorders.recorders:start:62 - [Afreeca][asy1218] Streamlink plugin error: Unable to open URL: https://livestream-manager.afreecatv.com/broad_stream_assign.html (400 Client Error: Bad Request for url: https://livestream-manager.afreecatv.com/broad_stream_assign.html?return_type=gs_cdn_pc_web&broad_key=275008578-common-sd-hls)
2024-08-10 12:01:11.447 | ERROR    | recorders.recorders:start:62 - [Afreeca][asy1218] Streamlink plugin error: Unable to open URL: https://livestream-manager.afreecatv.com/broad_stream_assign.html (400 Client Error: Bad Request for url: https://livestream-manager.afreecatv.com/broad_stream_assign.html?return_type=gs_cdn_pc_web&broad_key=275008578-common-sd-hls)
2024-08-10 12:01:11.792 | ERROR    | recorders.recorders:start:62 - [Afreeca][asy1218] Streamlink plugin error: Unable to open URL: https://livestream-manager.afreecatv.com/broad_stream_assign.html (400 Client Error: Bad Request for url: https://livestream-manager.afreecatv.com/broad_stream_assign.html?return_type=gs_cdn_pc_web&broad_key=275008578-common-sd-hls)
2024-08-10 12:01:12.120 | ERROR    | recorders.recorders:start:62 - [Afreeca][asy1218] Streamlink plugin error: Unable to open URL: https://livestream-manager.afreecatv.com/broad_stream_assign.html (400 Client Error: Bad Request for url: https://livestream-manager.afreecatv.com/broad_stream_assign.html?return_type=gs_cdn_pc_web&broad_key=275008578-common-sd-hls)
2024-08-10 12:01:12.464 | ERROR    | recorders.recorders:start:62 - [Afreeca][asy1218] Streamlink plugin error: Unable to open URL: https://livestream-manager.afreecatv.com/broad_stream_assign.html (400 Client Error: Bad Request for url: https://livestream-manager.afreecatv.com/broad_stream_assign.html?return_type=gs_cdn_pc_web&broad_key=275008578-common-sd-hls)
2024-08-10 12:01:12.825 | ERROR    | recorders.recorders:start:62 - [Afreeca][asy1218] Streamlink plugin error: Unable to open URL: https://livestream-manager.afreecatv.com/broad_stream_assign.html (400 Client Error: Bad Request for url: https://livestream-manager.afreecatv.com/broad_stream_assign.html?return_type=gs_cdn_pc_web&broad_key=275008578-common-sd-hls)
2024-08-10 12:01:13.184 | ERROR    | recorders.recorders:start:62 - [Afreeca][asy1218] Streamlink plugin error: Unable to open URL: https://livestream-manager.afreecatv.com/broad_stream_assign.html (400 Client Error: Bad Request for url: https://livestream-manager.afreecatv.com/broad_stream_assign.html?return_type=gs_cdn_pc_web&broad_key=275008578-common-sd-hls)
2024-08-10 12:01:13.732 | ERROR    | recorders.recorders:start:62 - [Afreeca][asy1218] Streamlink plugin error: Unable to open URL: https://livestream-manager.afreecatv.com/broad_stream_assign.html (400 Client Error: Bad Request for url: https://livestream-manager.afreecatv.com/broad_stream_assign.html?return_type=gs_cdn_pc_web&broad_key=275008578-common-sd-hls)
2024-08-10 12:01:14.077 | ERROR    | recorders.recorders:start:62 - [Afreeca][asy1218] Streamlink plugin error: Unable to open URL: https://livestream-manager.afreecatv.com/broad_stream_assign.html (400 Client Error: Bad Request for url: https://livestream-manager.afreecatv.com/broad_stream_assign.html?return_type=gs_cdn_pc_web&broad_key=275008578-common-sd-hls)
2024-08-10 12:01:14.436 | ERROR    | recorders.recorders:start:62 - [Afreeca][asy1218] Streamlink plugin error: Unable to open URL: https://livestream-manager.afreecatv.com/broad_stream_assign.html (400 Client Error: Bad Request for url: https://livestream-manager.afreecatv.com/broad_stream_assign.html?return_type=gs_cdn_pc_web&broad_key=275008578-common-sd-hls)
2024-08-10 12:01:14.781 | ERROR    | recorders.recorders:start:62 - [Afreeca][asy1218] Streamlink plugin error: Unable to open URL: https://livestream-manager.afreecatv.com/broad_stream_assign.html (400 Client Error: Bad Request for url: https://livestream-manager.afreecatv.com/broad_stream_assign.html?return_type=gs_cdn_pc_web&broad_key=275008578-common-sd-hls)
2024-08-10 12:01:15.124 | ERROR    | recorders.recorders:start:62 - [Afreeca][asy1218] Streamlink plugin error: Unable to open URL: https://livestream-manager.afreecatv.com/broad_stream_assign.html (400 Client Error: Bad Request for url: https://livestream-manager.afreecatv.com/broad_stream_assign.html?return_type=gs_cdn_pc_web&broad_key=275008578-common-sd-hls)
2024-08-10 12:01:15.531 | ERROR    | recorders.recorders:start:62 - [Afreeca][asy1218] Streamlink plugin error: Unable to open URL: https://livestream-manager.afreecatv.com/broad_stream_assign.html (400 Client Error: Bad Request for url: https://livestream-manager.afreecatv.com/broad_stream_assign.html?return_type=gs_cdn_pc_web&broad_key=275008578-common-sd-hls)
2024-08-10 12:01:15.892 | ERROR    | recorders.recorders:start:62 - [Afreeca][asy1218] Streamlink plugin error: Unable to open URL: https://livestream-manager.afreecatv.com/broad_stream_assign.html (400 Client Error: Bad Request for url: https://livestream-manager.afreecatv.com/broad_stream_assign.html?return_type=gs_cdn_pc_web&broad_key=275008578-common-sd-hls)
2024-08-10 12:01:16.251 | ERROR    | recorders.recorders:start:62 - [Afreeca][asy1218] Streamlink plugin error: Unable to open URL: https://livestream-manager.afreecatv.com/broad_stream_assign.html (400 Client Error: Bad Request for url: https://livestream-manager.afreecatv.com/broad_stream_assign.html?return_type=gs_cdn_pc_web&broad_key=275008578-common-sd-hls)
2024-08-10 12:01:16.596 | ERROR    | recorders.recorders:start:62 - [Afreeca][asy1218] Streamlink plugin error: Unable to open URL: https://livestream-manager.afreecatv.com/broad_stream_assign.html (400 Client Error: Bad Request for url: https://livestream-manager.afreecatv.com/broad_stream_assign.html?return_type=gs_cdn_pc_web&broad_key=275008578-common-sd-hls)
2024-08-10 12:01:16.955 | ERROR    | recorders.recorders:start:62 - [Afreeca][asy1218] Streamlink plugin error: Unable to open URL: https://livestream-manager.afreecatv.com/broad_stream_assign.html (400 Client Error: Bad Request for url: https://livestream-manager.afreecatv.com/broad_stream_assign.html?return_type=gs_cdn_pc_web&broad_key=275008578-common-sd-hls)
2024-08-10 12:01:17.347 | ERROR    | recorders.recorders:start:62 - [Afreeca][asy1218] Streamlink plugin error: Unable to open URL: https://livestream-manager.afreecatv.com/broad_stream_assign.html (400 Client Error: Bad Request for url: https://livestream-manager.afreecatv.com/broad_stream_assign.html?return_type=gs_cdn_pc_web&broad_key=275008578-common-sd-hls)
2024-08-10 12:01:17.706 | ERROR    | recorders.recorders:start:62 - [Afreeca][asy1218] Streamlink plugin error: Unable to open URL: https://livestream-manager.afreecatv.com/broad_stream_assign.html (400 Client Error: Bad Request for url: https://livestream-manager.afreecatv.com/broad_stream_assign.html?return_type=gs_cdn_pc_web&broad_key=275008578-common-sd-hls)
2024-08-10 12:01:18.130 | ERROR    | recorders.recorders:start:62 - [Afreeca][asy1218] Streamlink plugin error: Unable to open URL: https://livestream-manager.afreecatv.com/broad_stream_assign.html (400 Client Error: Bad Request for url: https://livestream-manager.afreecatv.com/broad_stream_assign.html?return_type=gs_cdn_pc_web&broad_key=275008578-common-sd-hls)
2024-08-10 12:01:18.817 | ERROR    | recorders.recorders:start:62 - [Afreeca][asy1218] Streamlink plugin error: Unable to open URL: https://livestream-manager.afreecatv.com/broad_stream_assign.html (400 Client Error: Bad Request for url: https://livestream-manager.afreecatv.com/broad_stream_assign.html?return_type=gs_cdn_pc_web&broad_key=275008578-common-sd-hls)
2024-08-10 12:01:19.188 | ERROR    | recorders.recorders:start:62 - [Afreeca][asy1218] Streamlink plugin error: Unable to open URL: https://livestream-manager.afreecatv.com/broad_stream_assign.html (400 Client Error: Bad Request for url: https://livestream-manager.afreecatv.com/broad_stream_assign.html?return_type=gs_cdn_pc_web&broad_key=275008578-common-sd-hls)
2024-08-10 12:01:19.522 | ERROR    | recorders.recorders:start:62 - [Afreeca][asy1218] Streamlink plugin error: Unable to open URL: https://livestream-manager.afreecatv.com/broad_stream_assign.html (400 Client Error: Bad Request for url: https://livestream-manager.afreecatv.com/broad_stream_assign.html?return_type=gs_cdn_pc_web&broad_key=275008578-common-sd-hls)
2024-08-10 12:01:19.865 | ERROR    | recorders.recorders:start:62 - [Afreeca][asy1218] Streamlink plugin error: Unable to open URL: https://livestream-manager.afreecatv.com/broad_stream_assign.html (400 Client Error: Bad Request for url: https://livestream-manager.afreecatv.com/broad_stream_assign.html?return_type=gs_cdn_pc_web&broad_key=275008578-common-sd-hls)
2024-08-10 12:01:20.225 | ERROR    | recorders.recorders:start:62 - [Afreeca][asy1218] Streamlink plugin error: Unable to open URL: https://livestream-manager.afreecatv.com/broad_stream_assign.html (400 Client Error: Bad Request for url: https://livestream-manager.afreecatv.com/broad_stream_assign.html?return_type=gs_cdn_pc_web&broad_key=275008578-common-sd-hls)
2024-08-10 12:01:20.772 | ERROR    | recorders.recorders:start:62 - [Afreeca][asy1218] Streamlink plugin error: Unable to open URL: https://livestream-manager.afreecatv.com/broad_stream_assign.html (400 Client Error: Bad Request for url: https://livestream-manager.afreecatv.com/broad_stream_assign.html?return_type=gs_cdn_pc_web&broad_key=275008578-common-sd-hls)
2024-08-10 12:01:21.320 | ERROR    | recorders.recorders:start:62 - [Afreeca][asy1218] Streamlink plugin error: Unable to open URL: https://livestream-manager.afreecatv.com/broad_stream_assign.html (400 Client Error: Bad Request for url: https://livestream-manager.afreecatv.com/broad_stream_assign.html?return_type=gs_cdn_pc_web&broad_key=275008578-common-sd-hls)
2024-08-10 12:01:21.663 | ERROR    | recorders.recorders:start:62 - [Afreeca][asy1218] Streamlink plugin error: Unable to open URL: https://livestream-manager.afreecatv.com/broad_stream_assign.html (400 Client Error: Bad Request for url: https://livestream-manager.afreecatv.com/broad_stream_assign.html?return_type=gs_cdn_pc_web&broad_key=275008578-common-sd-hls)
2024-08-10 12:01:21.992 | ERROR    | recorders.recorders:start:62 - [Afreeca][asy1218] Streamlink plugin error: Unable to open URL: https://livestream-manager.afreecatv.com/broad_stream_assign.html (400 Client Error: Bad Request for url: https://livestream-manager.afreecatv.com/broad_stream_assign.html?return_type=gs_cdn_pc_web&broad_key=275008578-common-sd-hls)
2024-08-10 12:01:22.368 | ERROR    | recorders.recorders:start:62 - [Afreeca][asy1218] Streamlink plugin error: Unable to open URL: https://livestream-manager.afreecatv.com/broad_stream_assign.html (400 Client Error: Bad Request for url: https://livestream-manager.afreecatv.com/broad_stream_assign.html?return_type=gs_cdn_pc_web&broad_key=275008578-common-sd-hls)
2024-08-10 12:01:22.759 | ERROR    | recorders.recorders:start:62 - [Afreeca][asy1218] Streamlink plugin error: Unable to open URL: https://livestream-manager.afreecatv.com/broad_stream_assign.html (400 Client Error: Bad Request for url: https://livestream-manager.afreecatv.com/broad_stream_assign.html?return_type=gs_cdn_pc_web&broad_key=275008578-common-sd-hls)
2024-08-10 12:01:23.290 | ERROR    | recorders.recorders:start:62 - [Afreeca][asy1218] Streamlink plugin error: Unable to open URL: https://livestream-manager.afreecatv.com/broad_stream_assign.html (400 Client Error: Bad Request for url: https://livestream-manager.afreecatv.com/broad_stream_assign.html?return_type=gs_cdn_pc_web&broad_key=275008578-common-hd4k-hls)
2024-08-10 12:01:23.635 | ERROR    | recorders.recorders:start:62 - [Afreeca][asy1218] Streamlink plugin error: Unable to open URL: https://livestream-manager.afreecatv.com/broad_stream_assign.html (400 Client Error: Bad Request for url: https://livestream-manager.afreecatv.com/broad_stream_assign.html?return_type=gs_cdn_pc_web&broad_key=275008578-common-sd-hls)
2024-08-10 12:01:24.151 | ERROR    | recorders.recorders:start:62 - [Afreeca][asy1218] Streamlink plugin error: Unable to open URL: https://livestream-manager.afreecatv.com/broad_stream_assign.html (400 Client Error: Bad Request for url: https://livestream-manager.afreecatv.com/broad_stream_assign.html?return_type=gs_cdn_pc_web&broad_key=275008578-common-hd4k-hls)
2024-08-10 12:01:24.526 | ERROR    | recorders.recorders:start:62 - [Afreeca][asy1218] Streamlink plugin error: Unable to open URL: https://livestream-manager.afreecatv.com/broad_stream_assign.html (400 Client Error: Bad Request for url: https://livestream-manager.afreecatv.com/broad_stream_assign.html?return_type=gs_cdn_pc_web&broad_key=275008578-common-sd-hls)
2024-08-10 12:01:25.059 | ERROR    | recorders.recorders:start:62 - [Afreeca][asy1218] Streamlink plugin error: Unable to open URL: https://livestream-manager.afreecatv.com/broad_stream_assign.html (400 Client Error: Bad Request for url: https://livestream-manager.afreecatv.com/broad_stream_assign.html?return_type=gs_cdn_pc_web&broad_key=275008578-common-hd4k-hls)
2024-08-10 12:01:25.591 | ERROR    | recorders.recorders:start:62 - [Afreeca][asy1218] Streamlink plugin error: Unable to open URL: https://livestream-manager.afreecatv.com/broad_stream_assign.html (400 Client Error: Bad Request for url: https://livestream-manager.afreecatv.com/broad_stream_assign.html?return_type=gs_cdn_pc_web&broad_key=275008578-common-hd4k-hls)
2024-08-10 12:01:26.106 | ERROR    | recorders.recorders:start:62 - [Afreeca][asy1218] Streamlink plugin error: Unable to open URL: https://livestream-manager.afreecatv.com/broad_stream_assign.html (400 Client Error: Bad Request for url: https://livestream-manager.afreecatv.com/broad_stream_assign.html?return_type=gs_cdn_pc_web&broad_key=275008578-common-hd4k-hls)
2024-08-10 12:01:26.608 | ERROR    | recorders.recorders:start:62 - [Afreeca][asy1218] Streamlink plugin error: Unable to open URL: https://livestream-manager.afreecatv.com/broad_stream_assign.html (400 Client Error: Bad Request for url: https://livestream-manager.afreecatv.com/broad_stream_assign.html?return_type=gs_cdn_pc_web&broad_key=275008578-common-hd4k-hls)
2024-08-10 12:01:27.124 | ERROR    | recorders.recorders:start:62 - [Afreeca][asy1218] Streamlink plugin error: Unable to open URL: https://livestream-manager.afreecatv.com/broad_stream_assign.html (400 Client Error: Bad Request for url: https://livestream-manager.afreecatv.com/broad_stream_assign.html?return_type=gs_cdn_pc_web&broad_key=275008578-common-hd4k-hls)
2024-08-10 12:01:27.468 | ERROR    | recorders.recorders:start:62 - [Afreeca][asy1218] Streamlink plugin error: Unable to open URL: https://livestream-manager.afreecatv.com/broad_stream_assign.html (400 Client Error: Bad Request for url: https://livestream-manager.afreecatv.com/broad_stream_assign.html?return_type=gs_cdn_pc_web&broad_key=275008578-common-sd-hls)
2024-08-10 12:01:27.985 | ERROR    | recorders.recorders:start:62 - [Afreeca][asy1218] Streamlink plugin error: Unable to open URL: https://livestream-manager.afreecatv.com/broad_stream_assign.html (400 Client Error: Bad Request for url: https://livestream-manager.afreecatv.com/broad_stream_assign.html?return_type=gs_cdn_pc_web&broad_key=275008578-common-hd4k-hls)
2024-08-10 12:01:28.485 | ERROR    | recorders.recorders:start:62 - [Afreeca][asy1218] Streamlink plugin error: Unable to open URL: https://livestream-manager.afreecatv.com/broad_stream_assign.html (400 Client Error: Bad Request for url: https://livestream-manager.afreecatv.com/broad_stream_assign.html?return_type=gs_cdn_pc_web&broad_key=275008578-common-hd4k-hls)
2024-08-10 12:01:29.002 | ERROR    | recorders.recorders:start:62 - [Afreeca][asy1218] Streamlink plugin error: Unable to open URL: https://livestream-manager.afreecatv.com/broad_stream_assign.html (400 Client Error: Bad Request for url: https://livestream-manager.afreecatv.com/broad_stream_assign.html?return_type=gs_cdn_pc_web&broad_key=275008578-common-hd4k-hls)
2024-08-10 12:01:29.518 | ERROR    | recorders.recorders:start:62 - [Afreeca][asy1218] Streamlink plugin error: Unable to open URL: https://livestream-manager.afreecatv.com/broad_stream_assign.html (400 Client Error: Bad Request for url: https://livestream-manager.afreecatv.com/broad_stream_assign.html?return_type=gs_cdn_pc_web&broad_key=275008578-common-hd4k-hls)
2024-08-10 12:01:30.065 | ERROR    | recorders.recorders:start:62 - [Afreeca][asy1218] Streamlink plugin error: Unable to open URL: https://livestream-manager.afreecatv.com/broad_stream_assign.html (400 Client Error: Bad Request for url: https://livestream-manager.afreecatv.com/broad_stream_assign.html?return_type=gs_cdn_pc_web&broad_key=275008578-common-hd4k-hls)
2024-08-10 12:01:30.566 | ERROR    | recorders.recorders:start:62 - [Afreeca][asy1218] Streamlink plugin error: Unable to open URL: https://livestream-manager.afreecatv.com/broad_stream_assign.html (400 Client Error: Bad Request for url: https://livestream-manager.afreecatv.com/broad_stream_assign.html?return_type=gs_cdn_pc_web&broad_key=275008578-common-hd4k-hls)
2024-08-10 12:01:31.098 | ERROR    | recorders.recorders:start:62 - [Afreeca][asy1218] Streamlink plugin error: Unable to open URL: https://livestream-manager.afreecatv.com/broad_stream_assign.html (400 Client Error: Bad Request for url: https://livestream-manager.afreecatv.com/broad_stream_assign.html?return_type=gs_cdn_pc_web&broad_key=275008578-common-hd4k-hls)
2024-08-10 12:01:31.598 | ERROR    | recorders.recorders:start:62 - [Afreeca][asy1218] Streamlink plugin error: Unable to open URL: https://livestream-manager.afreecatv.com/broad_stream_assign.html (400 Client Error: Bad Request for url: https://livestream-manager.afreecatv.com/broad_stream_assign.html?return_type=gs_cdn_pc_web&broad_key=275008578-common-hd4k-hls)
2024-08-10 12:01:32.099 | ERROR    | recorders.recorders:start:62 - [Afreeca][asy1218] Streamlink plugin error: Unable to open URL: https://livestream-manager.afreecatv.com/broad_stream_assign.html (400 Client Error: Bad Request for url: https://livestream-manager.afreecatv.com/broad_stream_assign.html?return_type=gs_cdn_pc_web&broad_key=275008578-common-hd4k-hls)
2024-08-10 12:01:32.678 | ERROR    | recorders.recorders:start:62 - [Afreeca][asy1218] Streamlink plugin error: Unable to open URL: https://livestream-manager.afreecatv.com/broad_stream_assign.html (400 Client Error: Bad Request for url: https://livestream-manager.afreecatv.com/broad_stream_assign.html?return_type=gs_cdn_pc_web&broad_key=275008578-common-hd4k-hls)
2024-08-10 12:01:33.195 | ERROR    | recorders.recorders:start:62 - [Afreeca][asy1218] Streamlink plugin error: Unable to open URL: https://livestream-manager.afreecatv.com/broad_stream_assign.html (400 Client Error: Bad Request for url: https://livestream-manager.afreecatv.com/broad_stream_assign.html?return_type=gs_cdn_pc_web&broad_key=275008578-common-hd4k-hls)
2024-08-10 12:01:33.696 | ERROR    | recorders.recorders:start:62 - [Afreeca][asy1218] Streamlink plugin error: Unable to open URL: https://livestream-manager.afreecatv.com/broad_stream_assign.html (400 Client Error: Bad Request for url: https://livestream-manager.afreecatv.com/broad_stream_assign.html?return_type=gs_cdn_pc_web&broad_key=275008578-common-hd4k-hls)
2024-08-10 12:01:34.196 | ERROR    | recorders.recorders:start:62 - [Afreeca][asy1218] Streamlink plugin error: Unable to open URL: https://livestream-manager.afreecatv.com/broad_stream_assign.html (400 Client Error: Bad Request for url: https://livestream-manager.afreecatv.com/broad_stream_assign.html?return_type=gs_cdn_pc_web&broad_key=275008578-common-hd4k-hls)
2024-08-10 12:01:34.688 | ERROR    | recorders.recorders:start:62 - [Afreeca][asy1218] Streamlink plugin error: Unable to open URL: https://livestream-manager.afreecatv.com/broad_stream_assign.html (400 Client Error: Bad Request for url: https://livestream-manager.afreecatv.com/broad_stream_assign.html?return_type=gs_cdn_pc_web&broad_key=275008578-common-hd4k-hls)
2024-08-10 12:01:35.306 | ERROR    | recorders.recorders:start:62 - [Afreeca][asy1218] Streamlink plugin error: Unable to open URL: https://livestream-manager.afreecatv.com/broad_stream_assign.html (400 Client Error: Bad Request for url: https://livestream-manager.afreecatv.com/broad_stream_assign.html?return_type=gs_cdn_pc_web&broad_key=275008578-common-hd4k-hls)
2024-08-10 12:01:35.824 | ERROR    | recorders.recorders:start:62 - [Afreeca][asy1218] Streamlink plugin error: Unable to open URL: https://livestream-manager.afreecatv.com/broad_stream_assign.html (400 Client Error: Bad Request for url: https://livestream-manager.afreecatv.com/broad_stream_assign.html?return_type=gs_cdn_pc_web&broad_key=275008578-common-hd4k-hls)
2024-08-10 12:01:36.325 | ERROR    | recorders.recorders:start:62 - [Afreeca][asy1218] Streamlink plugin error: Unable to open URL: https://livestream-manager.afreecatv.com/broad_stream_assign.html (400 Client Error: Bad Request for url: https://livestream-manager.afreecatv.com/broad_stream_assign.html?return_type=gs_cdn_pc_web&broad_key=275008578-common-hd4k-hls)
2024-08-10 12:01:36.794 | ERROR    | recorders.recorders:start:62 - [Afreeca][asy1218] Streamlink plugin error: Unable to open URL: https://livestream-manager.afreecatv.com/broad_stream_assign.html (400 Client Error: Bad Request for url: https://livestream-manager.afreecatv.com/broad_stream_assign.html?return_type=gs_cdn_pc_web&broad_key=275008578-common-hd4k-hls)
2024-08-10 12:01:37.357 | ERROR    | recorders.recorders:start:62 - [Afreeca][asy1218] Streamlink plugin error: Unable to open URL: https://livestream-manager.afreecatv.com/broad_stream_assign.html (400 Client Error: Bad Request for url: https://livestream-manager.afreecatv.com/broad_stream_assign.html?return_type=gs_cdn_pc_web&broad_key=275008578-common-hd4k-hls)
2024-08-10 12:01:37.935 | ERROR    | recorders.recorders:start:62 - [Afreeca][asy1218] Streamlink plugin error: Unable to open URL: https://livestream-manager.afreecatv.com/broad_stream_assign.html (400 Client Error: Bad Request for url: https://livestream-manager.afreecatv.com/broad_stream_assign.html?return_type=gs_cdn_pc_web&broad_key=275008578-common-hd4k-hls)
2024-08-10 12:01:38.451 | ERROR    | recorders.recorders:start:62 - [Afreeca][asy1218] Streamlink plugin error: Unable to open URL: https://livestream-manager.afreecatv.com/broad_stream_assign.html (400 Client Error: Bad Request for url: https://livestream-manager.afreecatv.com/broad_stream_assign.html?return_type=gs_cdn_pc_web&broad_key=275008578-common-hd4k-hls)
2024-08-10 12:01:38.952 | ERROR    | recorders.recorders:start:62 - [Afreeca][asy1218] Streamlink plugin error: Unable to open URL: https://livestream-manager.afreecatv.com/broad_stream_assign.html (400 Client Error: Bad Request for url: https://livestream-manager.afreecatv.com/broad_stream_assign.html?return_type=gs_cdn_pc_web&broad_key=275008578-common-hd4k-hls)
2024-08-10 12:01:39.655 | ERROR    | recorders.recorders:start:62 - [Afreeca][asy1218] Streamlink plugin error: Unable to open URL: https://livestream-manager.afreecatv.com/broad_stream_assign.html (400 Client Error: Bad Request for url: https://livestream-manager.afreecatv.com/broad_stream_assign.html?return_type=gs_cdn_pc_web&broad_key=275008578-common-hd4k-hls)
2024-08-10 12:01:40.171 | ERROR    | recorders.recorders:start:62 - [Afreeca][asy1218] Streamlink plugin error: Unable to open URL: https://livestream-manager.afreecatv.com/broad_stream_assign.html (400 Client Error: Bad Request for url: https://livestream-manager.afreecatv.com/broad_stream_assign.html?return_type=gs_cdn_pc_web&broad_key=275008578-common-hd4k-hls)
2024-08-10 12:01:40.703 | ERROR    | recorders.recorders:start:62 - [Afreeca][asy1218] Streamlink plugin error: Unable to open URL: https://livestream-manager.afreecatv.com/broad_stream_assign.html (400 Client Error: Bad Request for url: https://livestream-manager.afreecatv.com/broad_stream_assign.html?return_type=gs_cdn_pc_web&broad_key=275008578-common-hd4k-hls)
2024-08-10 12:01:41.203 | ERROR    | recorders.recorders:start:62 - [Afreeca][asy1218] Streamlink plugin error: Unable to open URL: https://livestream-manager.afreecatv.com/broad_stream_assign.html (400 Client Error: Bad Request for url: https://livestream-manager.afreecatv.com/broad_stream_assign.html?return_type=gs_cdn_pc_web&broad_key=275008578-common-hd4k-hls)
2024-08-10 12:01:41.720 | ERROR    | recorders.recorders:start:62 - [Afreeca][asy1218] Streamlink plugin error: Unable to open URL: https://livestream-manager.afreecatv.com/broad_stream_assign.html (400 Client Error: Bad Request for url: https://livestream-manager.afreecatv.com/broad_stream_assign.html?return_type=gs_cdn_pc_web&broad_key=275008578-common-hd4k-hls)
2024-08-10 12:01:42.236 | ERROR    | recorders.recorders:start:62 - [Afreeca][asy1218] Streamlink plugin error: Unable to open URL: https://livestream-manager.afreecatv.com/broad_stream_assign.html (400 Client Error: Bad Request for url: https://livestream-manager.afreecatv.com/broad_stream_assign.html?return_type=gs_cdn_pc_web&broad_key=275008578-common-hd4k-hls)
2024-08-10 12:01:42.736 | ERROR    | recorders.recorders:start:62 - [Afreeca][asy1218] Streamlink plugin error: Unable to open URL: https://livestream-manager.afreecatv.com/broad_stream_assign.html (400 Client Error: Bad Request for url: https://livestream-manager.afreecatv.com/broad_stream_assign.html?return_type=gs_cdn_pc_web&broad_key=275008578-common-hd4k-hls)
2024-08-10 12:01:43.253 | ERROR    | recorders.recorders:start:62 - [Afreeca][asy1218] Streamlink plugin error: Unable to open URL: https://livestream-manager.afreecatv.com/broad_stream_assign.html (400 Client Error: Bad Request for url: https://livestream-manager.afreecatv.com/broad_stream_assign.html?return_type=gs_cdn_pc_web&broad_key=275008578-common-hd4k-hls)
2024-08-10 12:01:43.756 | ERROR    | recorders.recorders:start:62 - [Afreeca][asy1218] Streamlink plugin error: Unable to open URL: https://livestream-manager.afreecatv.com/broad_stream_assign.html (400 Client Error: Bad Request for url: https://livestream-manager.afreecatv.com/broad_stream_assign.html?return_type=gs_cdn_pc_web&broad_key=275008578-common-hd4k-hls)
2024-08-10 12:01:44.474 | ERROR    | recorders.recorders:start:62 - [Afreeca][asy1218] Streamlink plugin error: Unable to open URL: https://livestream-manager.afreecatv.com/broad_stream_assign.html (400 Client Error: Bad Request for url: https://livestream-manager.afreecatv.com/broad_stream_assign.html?return_type=gs_cdn_pc_web&broad_key=275008578-common-hd4k-hls)
2024-08-10 12:01:44.974 | ERROR    | recorders.recorders:start:62 - [Afreeca][asy1218] Streamlink plugin error: Unable to open URL: https://livestream-manager.afreecatv.com/broad_stream_assign.html (400 Client Error: Bad Request for url: https://livestream-manager.afreecatv.com/broad_stream_assign.html?return_type=gs_cdn_pc_web&broad_key=275008578-common-hd4k-hls)
2024-08-10 12:01:45.634 | INFO     | recorders.recorders:run_record:162 - [Afreeca][asy1218] Started recording: [2024.08.10 12.01.45][Afreeca][asy1218]ㅇㅡㅇ.. 잠을모짜.. 모짜모짜렐라 .ts
2024-08-10 12:01:45.634 | INFO     | recorders.recorders:stream_writer:174 - [Afreeca][asy1218] Obtained live stream link: [2024.08.10 12.01.45][Afreeca][asy1218]ㅇㅡㅇ.. 잠을모짜.. 모짜모짜렐라 .ts
https://pc-web.stream.afreecatv.com/live-stm-07/auth_playlist.m3u8?aid=.A32.7bbT56vyHM9fKZk.pUcjWDELzlRxh6VXIhKJk-EC4qYOc4CjUOicWpUgHhwh3ufEpYm_xgMmUipYBJ_fb_iwzGVgRJ3HC6gETdQmrgkYtAVC63FVVpms3TAlBvc
Unable to open URL: https://pc-web.stream.afreecatv.com/live-stm-07/auth_playlist.m3u8?aid=.A32.7bbT56vyHM9fKZk.pUcjWDELzlRxh6VXIhKJk-EC4qYOc4CjUOicWpUgHhwh3ufEpYm_xgMmUipYBJ_fb_iwzGVgRJ3HC6gETdQmrgkYtAVC63FVVpms3TAlBvc (HTTPSConnectionPool(host='pc-web.stream.afreecatv.com', port=443): Read timed out. (read timeout=20.0))
2024-08-10 12:03:07.989 | WARNING  | recorders.recorders:stream_writer:185 - [Afreeca][asy1218] Live stream recording timeout. Please check if the streamer is live or if the network connection is stable: [2024.08.10 12.01.45][Afreeca][asy1218]ㅇㅡㅇ.. 잠을모짜.. 모짜모짜렐라 .ts
Failed to read data from stream: Read timeout
2024-08-10 12:03:07.989 | INFO     | recorders.recorders:run_record:169 - [Afreeca][asy1218] Stopped recording: [2024.08.10 12.01.45][Afreeca][asy1218]ㅇㅡㅇ.. 잠을모짜.. 모짜모짜렐라 .ts
2024-08-11 19:37:16.709 | ERROR    | recorders.recorders:request:81 - [Afreeca][asy1218] HTTP error:
--- Logging error in Loguru Handler #1 ---
Record was: {'elapsed': datetime.timedelta(days=5, seconds=82176, microseconds=149274), 'exception': None, 'extra': {}, 'file': (name='recorders.py', path='recorders\\recorders.py'), 'function': 'request', 'level': (name='ERROR', no=40, icon='❌'), 'line': 81, 'message': '[Afreeca][asy1218] HTTP error: ', 'module': 'recorders', 'name': 'recorders.recorders', 'process': (id=14184, name='MainProcess'), 'thread': (id=15960, name='MainThread'), 'time': datetime(2024, 8, 11, 19, 37, 16, 709642, tzinfo=datetime.timezone(datetime.timedelta(seconds=32400), '대한민국 표준시'))}
Traceback (most recent call last):
  File "httpx\_transports\default.py", line 69, in map_httpcore_exceptions
  File "httpx\_transports\default.py", line 373, in handle_async_request
  File "httpcore\_async\connection_pool.py", line 216, in handle_async_request
  File "httpcore\_async\connection_pool.py", line 196, in handle_async_request
  File "httpcore\_async\connection.py", line 99, in handle_async_request
  File "httpcore\_async\connection.py", line 76, in handle_async_request
  File "httpcore\_async\connection.py", line 122, in _connect
  File "httpcore\_backends\auto.py", line 30, in connect_tcp
  File "httpcore\_backends\anyio.py", line 114, in connect_tcp
  File "contextlib.py", line 158, in __exit__
  File "httpcore\_exceptions.py", line 14, in map_exceptions
httpcore.ConnectTimeout

The above exception was the direct cause of the following exception:

Traceback (most recent call last):
  File "recorders\recorders.py", line 75, in request
  File "httpx\_client.py", line 1574, in request
  File "httpx\_client.py", line 1661, in send
  File "httpx\_client.py", line 1689, in _send_handling_auth
  File "httpx\_client.py", line 1726, in _send_handling_redirects
  File "httpx\_client.py", line 1763, in _send_single_request
  File "httpx\_transports\default.py", line 372, in handle_async_request
  File "contextlib.py", line 158, in __exit__
  File "httpx\_transports\default.py", line 86, in map_httpcore_exceptions
httpx.ConnectTimeout

During handling of the above exception, another exception occurred:

Traceback (most recent call last):
  File "loguru\_handler.py", line 206, in emit
  File "loguru\_file_sink.py", line 204, in write
  File "loguru\_file_sink.py", line 290, in _terminate_file
  File "loguru\_file_sink.py", line 84, in retention_age
PermissionError: [WinError 32] 다른 프로세스가 파일을 사용 중이기 때문에 프로세스가 액세스 할 수 없습니다: 'logs\\log_2024-07-28.log'
--- End of logging error ---
2024-08-11 19:37:16.725 | ERROR    | recorders.recorders:start:58 - [Afreeca][asy1218]